{
  message: 'database is connect successfully',
  level: 'info',
  label: 'right meow!',
  timestamp: '2023-06-05T05:25:33.347Z'
}
{
  message: 'Example app listening on port 5000',
  level: 'info',
  label: 'right meow!',
  timestamp: '2023-06-05T05:25:33.697Z'
}
{
  message: 'database is connect successfully',
  level: 'info',
  label: 'right meow!',
  timestamp: '2023-06-05T05:26:23.363Z'
}
{
  message: 'Example app listening on port 5000',
  level: 'info',
  label: 'right meow!',
  timestamp: '2023-06-05T05:26:23.388Z'
}
{
  message: 'database is connect successfully',
  level: 'info',
  label: 'right meow!',
  timestamp: '2023-06-05T05:26:42.098Z'
}
{
  message: 'Example app listening on port 5000',
  level: 'info',
  label: 'right meow!',
  timestamp: '2023-06-05T05:26:42.133Z'
}
{
  message: 'database is connect successfully',
  level: 'info',
  label: 'right meow!',
  timestamp: '2023-06-05T05:27:26.968Z'
}
{
  message: 'Example app listening on port 5000',
  level: 'info',
  label: 'right meow!',
  timestamp: '2023-06-05T05:27:27.104Z'
}
