{
  message: 'database is connect successfully',
  level: 'info',
  label: 'right meow!',
  timestamp: '2023-06-04T04:16:16.500Z'
}
{
  message: 'Example app listening on port 5000',
  level: 'info',
  label: 'right meow!',
  timestamp: '2023-06-04T04:16:16.534Z'
}
{
  message: 'database is connect successfully',
  level: 'info',
  label: 'right meow!',
  timestamp: '2023-06-04T04:16:47.994Z'
}
{
  message: 'Example app listening on port 5000',
  level: 'info',
  label: 'right meow!',
  timestamp: '2023-06-04T04:16:48.042Z'
}
{
  message: 'database is connect successfully',
  level: 'info',
  label: 'right meow!',
  timestamp: '2023-06-04T04:17:04.608Z'
}
{
  message: 'Example app listening on port 5000',
  level: 'info',
  label: 'right meow!',
  timestamp: '2023-06-04T04:17:04.658Z'
}
{
  message: 'database is connect successfully',
  level: 'info',
  label: 'right meow!',
  timestamp: '2023-06-04T04:19:46.509Z'
}
{
  message: 'Example app listening on port 5000',
  level: 'info',
  label: 'right meow!',
  timestamp: '2023-06-04T04:19:46.601Z'
}
{
  message: 'database is connect successfully',
  level: 'info',
  label: 'right meow!',
  timestamp: '2023-06-04T04:21:18.805Z'
}
{
  message: 'Example app listening on port 5000',
  level: 'info',
  label: 'right meow!',
  timestamp: '2023-06-04T04:21:19.084Z'
}
