{
  message: 'database is connect successfully',
  level: 'info',
  label: 'right meow!',
  timestamp: '2023-06-04T01:47:22.746Z'
}
{
  message: 'Example app listening on port 5000',
  level: 'info',
  label: 'right meow!',
  timestamp: '2023-06-04T01:47:22.827Z'
}
{
  message: 'database is connect successfully',
  level: 'info',
  label: 'right meow!',
  timestamp: '2023-06-04T01:53:58.491Z'
}
{
  message: 'Example app listening on port 5000',
  level: 'info',
  label: 'right meow!',
  timestamp: '2023-06-04T01:53:58.572Z'
}
{
  message: 'database is connect successfully',
  level: 'info',
  label: 'right meow!',
  timestamp: '2023-06-04T01:56:33.005Z'
}
{
  message: 'Example app listening on port 5000',
  level: 'info',
  label: 'right meow!',
  timestamp: '2023-06-04T01:56:33.100Z'
}
