{
  message: 'database is connect successfully',
  level: 'info',
  label: 'right meow!',
  timestamp: '2023-06-06T03:11:11.717Z'
}
{
  message: 'Example app listening on port 5000',
  level: 'info',
  label: 'right meow!',
  timestamp: '2023-06-06T03:11:11.770Z'
}
{
  message: 'database is connect successfully',
  level: 'info',
  label: 'right meow!',
  timestamp: '2023-06-06T03:12:01.396Z'
}
{
  message: 'Example app listening on port 5000',
  level: 'info',
  label: 'right meow!',
  timestamp: '2023-06-06T03:12:01.480Z'
}
{
  message: 'database is connect successfully',
  level: 'info',
  label: 'right meow!',
  timestamp: '2023-06-06T03:12:30.109Z'
}
{
  message: 'Example app listening on port 5000',
  level: 'info',
  label: 'right meow!',
  timestamp: '2023-06-06T03:12:30.134Z'
}
{
  message: 'database is connect successfully',
  level: 'info',
  label: 'right meow!',
  timestamp: '2023-06-06T03:13:04.102Z'
}
{
  message: 'Example app listening on port 5000',
  level: 'info',
  label: 'right meow!',
  timestamp: '2023-06-06T03:13:04.138Z'
}
{
  message: 'database is connect successfully',
  level: 'info',
  label: 'right meow!',
  timestamp: '2023-06-06T03:16:01.848Z'
}
{
  message: 'Example app listening on port 5000',
  level: 'info',
  label: 'right meow!',
  timestamp: '2023-06-06T03:16:01.891Z'
}
