{
  message: 'database is connect successfully',
  level: 'info',
  label: 'right meow!',
  timestamp: '2023-06-07T08:01:08.469Z'
}
{
  message: 'Example app listening on port 5000',
  level: 'info',
  label: 'right meow!',
  timestamp: '2023-06-07T08:01:08.508Z'
}
{
  message: 'database is connect successfully',
  level: 'info',
  label: 'right meow!',
  timestamp: '2023-06-07T08:03:38.585Z'
}
{
  message: 'Example app listening on port 5000',
  level: 'info',
  label: 'right meow!',
  timestamp: '2023-06-07T08:03:38.605Z'
}
{
  message: 'database is connect successfully',
  level: 'info',
  label: 'right meow!',
  timestamp: '2023-06-07T08:04:21.641Z'
}
{
  message: 'Example app listening on port 5000',
  level: 'info',
  label: 'right meow!',
  timestamp: '2023-06-07T08:04:21.665Z'
}
{
  message: 'database is connect successfully',
  level: 'info',
  label: 'right meow!',
  timestamp: '2023-06-07T08:07:01.448Z'
}
{
  message: 'Example app listening on port 5000',
  level: 'info',
  label: 'right meow!',
  timestamp: '2023-06-07T08:07:01.479Z'
}
{
  message: 'database is connect successfully',
  level: 'info',
  label: 'right meow!',
  timestamp: '2023-06-07T08:09:35.400Z'
}
{
  message: 'Example app listening on port 5000',
  level: 'info',
  label: 'right meow!',
  timestamp: '2023-06-07T08:09:35.479Z'
}
{
  message: 'database is connect successfully',
  level: 'info',
  label: 'right meow!',
  timestamp: '2023-06-07T08:10:52.420Z'
}
{
  message: 'Example app listening on port 5000',
  level: 'info',
  label: 'right meow!',
  timestamp: '2023-06-07T08:10:52.526Z'
}
{
  message: 'database is connect successfully',
  level: 'info',
  label: 'right meow!',
  timestamp: '2023-06-07T08:11:25.377Z'
}
{
  message: 'Example app listening on port 5000',
  level: 'info',
  label: 'right meow!',
  timestamp: '2023-06-07T08:11:25.410Z'
}
{
  message: 'database is connect successfully',
  level: 'info',
  label: 'right meow!',
  timestamp: '2023-06-07T08:11:37.006Z'
}
{
  message: 'Example app listening on port 5000',
  level: 'info',
  label: 'right meow!',
  timestamp: '2023-06-07T08:11:37.041Z'
}
{
  message: 'database is connect successfully',
  level: 'info',
  label: 'right meow!',
  timestamp: '2023-06-07T08:12:18.855Z'
}
{
  message: 'Example app listening on port 5000',
  level: 'info',
  label: 'right meow!',
  timestamp: '2023-06-07T08:12:18.959Z'
}
{
  message: 'database is connect successfully',
  level: 'info',
  label: 'right meow!',
  timestamp: '2023-06-07T08:12:27.430Z'
}
{
  message: 'Example app listening on port 5000',
  level: 'info',
  label: 'right meow!',
  timestamp: '2023-06-07T08:12:27.468Z'
}
{
  message: 'database is connect successfully',
  level: 'info',
  label: 'right meow!',
  timestamp: '2023-06-07T08:12:43.330Z'
}
{
  message: 'Example app listening on port 5000',
  level: 'info',
  label: 'right meow!',
  timestamp: '2023-06-07T08:12:43.387Z'
}
{
  message: 'database is connect successfully',
  level: 'info',
  label: 'right meow!',
  timestamp: '2023-06-07T08:12:51.513Z'
}
{
  message: 'Example app listening on port 5000',
  level: 'info',
  label: 'right meow!',
  timestamp: '2023-06-07T08:12:51.545Z'
}
{
  message: 'database is connect successfully',
  level: 'info',
  label: 'right meow!',
  timestamp: '2023-06-07T08:15:10.897Z'
}
{
  message: 'Example app listening on port 5000',
  level: 'info',
  label: 'right meow!',
  timestamp: '2023-06-07T08:15:10.918Z'
}
{
  message: 'database is connect successfully',
  level: 'info',
  label: 'right meow!',
  timestamp: '2023-06-07T08:15:29.528Z'
}
{
  message: 'Example app listening on port 5000',
  level: 'info',
  label: 'right meow!',
  timestamp: '2023-06-07T08:15:29.554Z'
}
{
  message: 'database is connect successfully',
  level: 'info',
  label: 'right meow!',
  timestamp: '2023-06-07T08:16:27.679Z'
}
{
  message: 'Example app listening on port 5000',
  level: 'info',
  label: 'right meow!',
  timestamp: '2023-06-07T08:16:27.748Z'
}
{
  message: 'database is connect successfully',
  level: 'info',
  label: 'right meow!',
  timestamp: '2023-06-07T08:16:44.507Z'
}
{
  message: 'Example app listening on port 5000',
  level: 'info',
  label: 'right meow!',
  timestamp: '2023-06-07T08:16:44.559Z'
}
{
  message: 'database is connect successfully',
  level: 'info',
  label: 'right meow!',
  timestamp: '2023-06-07T08:20:43.432Z'
}
{
  message: 'Example app listening on port 5000',
  level: 'info',
  label: 'right meow!',
  timestamp: '2023-06-07T08:20:43.458Z'
}
{
  message: 'database is connect successfully',
  level: 'info',
  label: 'right meow!',
  timestamp: '2023-06-07T08:22:03.752Z'
}
{
  message: 'Example app listening on port 5000',
  level: 'info',
  label: 'right meow!',
  timestamp: '2023-06-07T08:22:03.782Z'
}
{
  message: 'database is connect successfully',
  level: 'info',
  label: 'right meow!',
  timestamp: '2023-06-07T08:22:39.864Z'
}
{
  message: 'Example app listening on port 5000',
  level: 'info',
  label: 'right meow!',
  timestamp: '2023-06-07T08:22:39.893Z'
}
{
  message: 'database is connect successfully',
  level: 'info',
  label: 'right meow!',
  timestamp: '2023-06-07T08:23:36.275Z'
}
{
  message: 'Example app listening on port 5000',
  level: 'info',
  label: 'right meow!',
  timestamp: '2023-06-07T08:23:36.363Z'
}
